Template/app/build/intermediates/manifest_merge_blame_file/debug/manifest-merger-blame-debug-report.txt
1<?xml version="1.0" encoding="utf-8"?>
2<manifest xmlns:android="http://schemas.android.com/apk/res/android"
3    package="com.sherdle.universal"
4    android:versionCode="1"
5    android:versionName="1.0" >
6
7    <uses-sdk
8        android:minSdkVersion="19"
8-->src/main/AndroidManifest.xml
9        android:targetSdkVersion="31" />
9-->src/main/AndroidManifest.xml
10
11    <!-- Always Required to get content and check if internet is available -->
12    <uses-permission android:name="android.permission.ACCESS_WIFI_STATE" />
12-->src/main/AndroidManifest.xml:7:5-76
12-->src/main/AndroidManifest.xml:7:22-73
13    <uses-permission android:name="android.permission.ACCESS_NETWORK_STATE" />
13-->src/main/AndroidManifest.xml:8:5-79
13-->src/main/AndroidManifest.xml:8:22-76
14    <uses-permission android:name="android.permission.INTERNET" />
14-->src/main/AndroidManifest.xml:9:5-67
14-->src/main/AndroidManifest.xml:9:22-64
15    <!-- Always Required for image coaching & maps -->
16    <uses-permission
16-->src/main/AndroidManifest.xml:11:5-108
17        android:name="android.permission.WRITE_EXTERNAL_STORAGE"
17-->src/main/AndroidManifest.xml:11:22-78
18        android:maxSdkVersion="28" />
18-->src/main/AndroidManifest.xml:11:79-105
19    <uses-permission android:name="android.permission.READ_EXTERNAL_STORAGE" />
19-->src/main/AndroidManifest.xml:12:5-80
19-->src/main/AndroidManifest.xml:12:22-77
20
21    <!-- Required for notifications & radio -->
22    <uses-permission android:name="android.permission.WAKE_LOCK" />
22-->src/main/AndroidManifest.xml:15:5-68
22-->src/main/AndroidManifest.xml:15:22-65
23    <!-- Required for maps -->
24    <uses-permission android:name="com.google.android.providers.gsf.permission.READ_GSERVICES" />
24-->src/main/AndroidManifest.xml:17:5-98
24-->src/main/AndroidManifest.xml:17:22-95
25    <uses-permission android:name="android.permission.ACCESS_FINE_LOCATION" />
25-->src/main/AndroidManifest.xml:18:5-79
25-->src/main/AndroidManifest.xml:18:22-76
26    <uses-permission android:name="android.permission.ACCESS_COARSE_LOCATION" />
26-->src/main/AndroidManifest.xml:19:5-80
26-->src/main/AndroidManifest.xml:19:22-78
27    <!-- Required for visualizer & radio -->
28    <uses-permission android:name="android.permission.RECORD_AUDIO" />
28-->src/main/AndroidManifest.xml:21:5-71
28-->src/main/AndroidManifest.xml:21:22-68
29    <uses-permission android:name="android.permission.MODIFY_AUDIO_SETTINGS" />
29-->src/main/AndroidManifest.xml:22:5-80
29-->src/main/AndroidManifest.xml:22:22-77
30    <uses-permission android:name="android.permission.FOREGROUND_SERVICE" />
30-->src/main/AndroidManifest.xml:23:5-77
30-->src/main/AndroidManifest.xml:23:22-74
31    <!-- Required for tumblr -->
32    <uses-permission android:name="android.permission.SET_WALLPAPER" />
32-->src/main/AndroidManifest.xml:25:5-72
32-->src/main/AndroidManifest.xml:25:22-69
33    <!-- Required for in-app purchases -->
34    <uses-permission android:name="com.android.vending.BILLING" />
34-->src/main/AndroidManifest.xml:27:5-67
34-->src/main/AndroidManifest.xml:27:22-64
35
36    <uses-feature
36-->src/main/AndroidManifest.xml:29:5-31:35
37        android:glEsVersion="0x00020000"
37-->src/main/AndroidManifest.xml:30:9-41
38        android:required="true" />
38-->src/main/AndroidManifest.xml:31:9-32
39
40    <queries>
40-->src/main/AndroidManifest.xml:153:5-167:15
41        <intent>
41-->src/main/AndroidManifest.xml:154:9-156:18
42            <action android:name="com.google.android.youtube.api.service.START" />
42-->src/main/AndroidManifest.xml:155:13-82
42-->src/main/AndroidManifest.xml:155:21-80
43        </intent>
44        <intent>
44-->src/main/AndroidManifest.xml:157:9-161:18
45            <action android:name="android.intent.action.VIEW" />
45-->src/main/AndroidManifest.xml:158:13-65
45-->src/main/AndroidManifest.xml:158:21-62
46
47            <category android:name="android.intent.category.BROWSABLE" />
47-->src/main/AndroidManifest.xml:159:13-74
47-->src/main/AndroidManifest.xml:159:23-71
48
49            <data android:scheme="https" />
49-->src/main/AndroidManifest.xml:160:13-44
49-->src/main/AndroidManifest.xml:160:19-41
50        </intent>
51        <intent>
51-->src/main/AndroidManifest.xml:162:9-166:18
52            <action android:name="android.intent.action.VIEW" />
52-->src/main/AndroidManifest.xml:158:13-65
52-->src/main/AndroidManifest.xml:158:21-62
53
54            <category android:name="android.intent.category.BROWSABLE" />
54-->src/main/AndroidManifest.xml:159:13-74
54-->src/main/AndroidManifest.xml:159:23-71
55
56            <data android:scheme="http" />
56-->src/main/AndroidManifest.xml:160:13-44
56-->src/main/AndroidManifest.xml:160:19-41
57        </intent>
58        <!-- Needs to be explicitly declared on Android R+ -->
59        <package android:name="com.google.android.apps.maps" /> <!-- End of browser content -->
59-->[com.google.android.gms:play-services-maps:18.0.2] AndroidManifest.xml:33:9-64
59-->[com.google.android.gms:play-services-maps:18.0.2] AndroidManifest.xml:33:18-61
60        <!-- For CustomTabsService -->
61        <intent>
61-->[com.google.android.gms:play-services-ads-lite:20.6.0] AndroidManifest.xml:40:9-42:18
62            <action android:name="android.support.customtabs.action.CustomTabsService" />
62-->[com.google.android.gms:play-services-ads-lite:20.6.0] AndroidManifest.xml:41:13-90
62-->[com.google.android.gms:play-services-ads-lite:20.6.0] AndroidManifest.xml:41:21-87
63        </intent>
64    </queries>
65
66    <!-- Create a unique permission for your app and use it so only your app can receive your OneSignal messages. -->
67    <permission
67-->[com.onesignal:OneSignal:4.7.1] AndroidManifest.xml:7:5-9:47
68        android:name="com.sherdle.universal.permission.C2D_MESSAGE"
68-->[com.onesignal:OneSignal:4.7.1] AndroidManifest.xml:8:9-63
69        android:protectionLevel="signature" />
69-->[com.onesignal:OneSignal:4.7.1] AndroidManifest.xml:9:9-44
70
71    <uses-permission android:name="com.sherdle.universal.permission.C2D_MESSAGE" /> <!-- c2dm RECEIVE are basic requirements for push messages through Google's FCM -->
71-->[com.onesignal:OneSignal:4.7.1] AndroidManifest.xml:11:5-79
71-->[com.onesignal:OneSignal:4.7.1] AndroidManifest.xml:11:22-76
72    <uses-permission android:name="com.google.android.c2dm.permission.RECEIVE" />
72-->[com.onesignal:OneSignal:4.7.1] AndroidManifest.xml:17:5-82
72-->[com.onesignal:OneSignal:4.7.1] AndroidManifest.xml:17:22-79
73    <!--
74 Required so the device vibrates on receiving a push notification.
75         Vibration settings of the device still apply.
76    -->
77    <uses-permission android:name="android.permission.VIBRATE" />
77-->[com.onesignal:OneSignal:4.7.1] AndroidManifest.xml:23:5-66
77-->[com.onesignal:OneSignal:4.7.1] AndroidManifest.xml:23:22-63
78    <!--
79 Use to restore notifications the user hasn't interacted with.
80         They could be missed notifications if the user reboots their device if this isn't in place.
81    -->
82    <uses-permission android:name="android.permission.RECEIVE_BOOT_COMPLETED" /> <!-- START: ShortcutBadger -->
82-->[com.onesignal:OneSignal:4.7.1] AndroidManifest.xml:29:5-81
82-->[com.onesignal:OneSignal:4.7.1] AndroidManifest.xml:29:22-78
83    <!-- Samsung -->
84    <uses-permission android:name="com.sec.android.provider.badge.permission.READ" />
84-->[com.onesignal:OneSignal:4.7.1] AndroidManifest.xml:31:5-86
84-->[com.onesignal:OneSignal:4.7.1] AndroidManifest.xml:31:22-83
85    <uses-permission android:name="com.sec.android.provider.badge.permission.WRITE" /> <!-- HTC -->
85-->[com.onesignal:OneSignal:4.7.1] AndroidManifest.xml:32:5-87
85-->[com.onesignal:OneSignal:4.7.1] AndroidManifest.xml:32:22-84
86    <uses-permission android:name="com.htc.launcher.permission.READ_SETTINGS" />
86-->[com.onesignal:OneSignal:4.7.1] AndroidManifest.xml:33:5-81
86-->[com.onesignal:OneSignal:4.7.1] AndroidManifest.xml:33:22-78
87    <uses-permission android:name="com.htc.launcher.permission.UPDATE_SHORTCUT" /> <!-- Sony -->
87-->[com.onesignal:OneSignal:4.7.1] AndroidManifest.xml:34:5-83
87-->[com.onesignal:OneSignal:4.7.1] AndroidManifest.xml:34:22-80
88    <uses-permission android:name="com.sonyericsson.home.permission.BROADCAST_BADGE" />
88-->[com.onesignal:OneSignal:4.7.1] AndroidManifest.xml:35:5-88
88-->[com.onesignal:OneSignal:4.7.1] AndroidManifest.xml:35:22-85
89    <uses-permission android:name="com.sonymobile.home.permission.PROVIDER_INSERT_BADGE" /> <!-- Apex -->
89-->[com.onesignal:OneSignal:4.7.1] AndroidManifest.xml:36:5-92
89-->[com.onesignal:OneSignal:4.7.1] AndroidManifest.xml:36:22-89
90    <uses-permission android:name="com.anddoes.launcher.permission.UPDATE_COUNT" /> <!-- Solid -->
90-->[com.onesignal:OneSignal:4.7.1] AndroidManifest.xml:37:5-84
90-->[com.onesignal:OneSignal:4.7.1] AndroidManifest.xml:37:22-81
91    <uses-permission android:name="com.majeur.launcher.permission.UPDATE_BADGE" /> <!-- Huawei -->
91-->[com.onesignal:OneSignal:4.7.1] AndroidManifest.xml:38:5-83
91-->[com.onesignal:OneSignal:4.7.1] AndroidManifest.xml:38:22-80
92    <uses-permission android:name="com.huawei.android.launcher.permission.CHANGE_BADGE" />
92-->[com.onesignal:OneSignal:4.7.1] AndroidManifest.xml:39:5-91
92-->[com.onesignal:OneSignal:4.7.1] AndroidManifest.xml:39:22-88
93    <uses-permission android:name="com.huawei.android.launcher.permission.READ_SETTINGS" />
93-->[com.onesignal:OneSignal:4.7.1] AndroidManifest.xml:40:5-92
93-->[com.onesignal:OneSignal:4.7.1] AndroidManifest.xml:40:22-89
94    <uses-permission android:name="com.huawei.android.launcher.permission.WRITE_SETTINGS" /> <!-- ZUK -->
94-->[com.onesignal:OneSignal:4.7.1] AndroidManifest.xml:41:5-93
94-->[com.onesignal:OneSignal:4.7.1] AndroidManifest.xml:41:22-90
95    <uses-permission android:name="android.permission.READ_APP_BADGE" /> <!-- OPPO -->
95-->[com.onesignal:OneSignal:4.7.1] AndroidManifest.xml:42:5-73
95-->[com.onesignal:OneSignal:4.7.1] AndroidManifest.xml:42:22-70
96    <uses-permission android:name="com.oppo.launcher.permission.READ_SETTINGS" />
96-->[com.onesignal:OneSignal:4.7.1] AndroidManifest.xml:43:5-82
96-->[com.onesignal:OneSignal:4.7.1] AndroidManifest.xml:43:22-79
97    <uses-permission android:name="com.oppo.launcher.permission.WRITE_SETTINGS" /> <!-- EvMe -->
97-->[com.onesignal:OneSignal:4.7.1] AndroidManifest.xml:44:5-83
97-->[com.onesignal:OneSignal:4.7.1] AndroidManifest.xml:44:22-80
98    <uses-permission android:name="me.everything.badger.permission.BADGE_COUNT_READ" />
98-->[com.onesignal:OneSignal:4.7.1] AndroidManifest.xml:45:5-88
98-->[com.onesignal:OneSignal:4.7.1] AndroidManifest.xml:45:22-85
99    <uses-permission android:name="me.everything.badger.permission.BADGE_COUNT_WRITE" />
99-->[com.onesignal:OneSignal:4.7.1] AndroidManifest.xml:46:5-89
99-->[com.onesignal:OneSignal:4.7.1] AndroidManifest.xml:46:22-86
100    <uses-permission android:name="com.google.android.finsky.permission.BIND_GET_INSTALL_REFERRER_SERVICE" />
100-->[com.google.android.gms:play-services-measurement:20.1.2] AndroidManifest.xml:26:5-110
100-->[com.google.android.gms:play-services-measurement:20.1.2] AndroidManifest.xml:26:22-107
101    <uses-permission android:name="com.google.android.gms.permission.AD_ID" />
101-->[com.google.android.gms:play-services-measurement-impl:20.1.2] AndroidManifest.xml:27:5-79
101-->[com.google.android.gms:play-services-measurement-impl:20.1.2] AndroidManifest.xml:27:22-76
102
103    <application
103-->src/main/AndroidManifest.xml:33:5-151:19
104        android:name="com.sherdle.universal.App"
104-->src/main/AndroidManifest.xml:34:9-28
105        android:allowBackup="true"
105-->src/main/AndroidManifest.xml:35:9-35
106        android:appComponentFactory="androidx.core.app.CoreComponentFactory"
106-->[androidx.core:core:1.7.0] AndroidManifest.xml:24:18-86
107        android:debuggable="true"
108        android:icon="@drawable/ic_launcher"
108-->src/main/AndroidManifest.xml:36:9-45
109        android:label="@string/app_name"
109-->src/main/AndroidManifest.xml:37:9-41
110        android:supportsRtl="true"
110-->src/main/AndroidManifest.xml:38:9-35
111        android:testOnly="true"
112        android:theme="@style/AppTheme"
112-->src/main/AndroidManifest.xml:40:9-40
113        android:usesCleartextTraffic="true" >
113-->src/main/AndroidManifest.xml:39:9-44
114
115        <!-- Activities -->
116        <activity
116-->src/main/AndroidManifest.xml:45:9-56:20
117            android:name="com.sherdle.universal.MainActivity"
117-->src/main/AndroidManifest.xml:46:13-41
118            android:configChanges="orientation|screenSize"
118-->src/main/AndroidManifest.xml:47:13-59
119            android:exported="true"
119-->src/main/AndroidManifest.xml:50:13-36
120            android:label="@string/app_name"
120-->src/main/AndroidManifest.xml:49:13-45
121            android:theme="@style/AppTheme.Launcher" >
121-->src/main/AndroidManifest.xml:48:13-53
122            <intent-filter>
122-->src/main/AndroidManifest.xml:51:13-55:29
123                <action android:name="android.intent.action.MAIN" />
123-->src/main/AndroidManifest.xml:52:17-69
123-->src/main/AndroidManifest.xml:52:25-66
124
125                <category android:name="android.intent.category.LAUNCHER" />
125-->src/main/AndroidManifest.xml:54:17-77
125-->src/main/AndroidManifest.xml:54:27-74
126            </intent-filter>
127        </activity>
128        <activity android:name="com.sherdle.universal.providers.rss.ui.RssDetailActivity" />
128-->src/main/AndroidManifest.xml:57:9-72
128-->src/main/AndroidManifest.xml:57:19-69
129        <activity android:name="com.sherdle.universal.providers.videos.ui.VideoDetailActivity" />
129-->src/main/AndroidManifest.xml:58:9-77
129-->src/main/AndroidManifest.xml:58:19-74
130        <activity android:name="com.sherdle.universal.providers.wordpress.ui.WordpressDetailActivity" />
130-->src/main/AndroidManifest.xml:59:9-84
130-->src/main/AndroidManifest.xml:59:19-81
131        <activity android:name="com.sherdle.universal.providers.woocommerce.ui.ProductActivity" />
131-->src/main/AndroidManifest.xml:60:9-78
131-->src/main/AndroidManifest.xml:60:19-75
132        <activity
132-->src/main/AndroidManifest.xml:61:9-63:62
133            android:name="com.sherdle.universal.comments.CommentsActivity"
133-->src/main/AndroidManifest.xml:62:13-54
134            android:configChanges="orientation|screenSize" />
134-->src/main/AndroidManifest.xml:63:13-59
135        <activity
135-->src/main/AndroidManifest.xml:64:9-66:62
136            android:name="com.sherdle.universal.HolderActivity"
136-->src/main/AndroidManifest.xml:65:13-43
137            android:configChanges="orientation|screenSize" />
137-->src/main/AndroidManifest.xml:66:13-59
138        <activity
138-->src/main/AndroidManifest.xml:67:9-69:62
139            android:name="com.sherdle.universal.attachmentviewer.ui.AttachmentActivity"
139-->src/main/AndroidManifest.xml:68:13-67
140            android:configChanges="orientation|screenSize" />
140-->src/main/AndroidManifest.xml:69:13-59
141        <activity
141-->src/main/AndroidManifest.xml:70:9-72:62
142            android:name="com.sherdle.universal.attachmentviewer.ui.AudioPlayerActivity"
142-->src/main/AndroidManifest.xml:71:13-68
143            android:configChanges="orientation|screenSize" />
143-->src/main/AndroidManifest.xml:72:13-59
144        <activity
144-->src/main/AndroidManifest.xml:73:9-75:62
145            android:name="com.sherdle.universal.attachmentviewer.ui.VideoPlayerActivity"
145-->src/main/AndroidManifest.xml:74:13-68
146            android:configChanges="orientation|screenSize" />
146-->src/main/AndroidManifest.xml:75:13-59
147        <activity
147-->src/main/AndroidManifest.xml:76:9-78:62
148            android:name="com.sherdle.universal.providers.woocommerce.ui.CheckoutActivity"
148-->src/main/AndroidManifest.xml:77:13-70
149            android:configChanges="orientation|screenSize" />
149-->src/main/AndroidManifest.xml:78:13-59
150        <activity
150-->src/main/AndroidManifest.xml:79:9-82:71
151            android:name="com.sherdle.universal.providers.woocommerce.ui.WooCommerceLoginActivity"
151-->src/main/AndroidManifest.xml:80:13-78
152            android:configChanges="orientation|screenSize"
152-->src/main/AndroidManifest.xml:81:13-59
153            android:theme="@style/Theme.AppCompat.Light.NoActionBar" />
153-->src/main/AndroidManifest.xml:82:13-69
154        <activity
154-->src/main/AndroidManifest.xml:83:9-87:80
155            android:name="com.sherdle.universal.providers.videos.player.YouTubePlayerActivity"
155-->src/main/AndroidManifest.xml:84:13-74
156            android:configChanges="keyboardHidden|orientation|screenSize"
156-->src/main/AndroidManifest.xml:85:13-74
157            android:screenOrientation="sensor"
157-->src/main/AndroidManifest.xml:86:13-47
158            android:theme="@android:style/Theme.Black.NoTitleBar.Fullscreen" />
158-->src/main/AndroidManifest.xml:87:13-77
159
160        <!-- Services -->
161        <service
161-->src/main/AndroidManifest.xml:91:9-93:40
162            android:name="com.sherdle.universal.providers.audio.player.player.PlaybackService"
162-->src/main/AndroidManifest.xml:92:13-74
163            android:exported="false" />
163-->src/main/AndroidManifest.xml:93:13-37
164        <service android:name="com.sherdle.universal.providers.radio.player.RadioService" />
164-->src/main/AndroidManifest.xml:94:9-72
164-->src/main/AndroidManifest.xml:94:18-69
165        <service android:name="com.sherdle.universal.attachmentviewer.MusicService" />
165-->src/main/AndroidManifest.xml:95:9-66
165-->src/main/AndroidManifest.xml:95:18-63
166
167        <!--
168        A receiver that will receive media buttons and send as
169        intents to your MediaBrowserServiceCompat implementation.
170        Required on pre-Lollipop. More information at
171        http://developer.android.com/reference/android/support/v4/media/session/MediaButtonReceiver.html
172        -->
173        <receiver
173-->src/main/AndroidManifest.xml:103:9-108:20
174            android:name="androidx.media.session.MediaButtonReceiver"
174-->src/main/AndroidManifest.xml:103:19-76
175            android:exported="false" >
175-->src/main/AndroidManifest.xml:104:13-37
176            <intent-filter>
176-->src/main/AndroidManifest.xml:105:13-107:29
177                <action android:name="android.intent.action.MEDIA_BUTTON" />
177-->src/main/AndroidManifest.xml:106:17-77
177-->src/main/AndroidManifest.xml:106:25-74
178            </intent-filter>
179        </receiver>
180        <receiver
180-->src/main/AndroidManifest.xml:109:9-114:20
181            android:name="com.sherdle.universal.providers.audio.player.media.MediaSessionReceiver"
181-->src/main/AndroidManifest.xml:109:19-84
182            android:exported="false" >
182-->src/main/AndroidManifest.xml:110:13-37
183            <intent-filter>
183-->src/main/AndroidManifest.xml:105:13-107:29
184                <action android:name="android.intent.action.MEDIA_BUTTON" />
184-->src/main/AndroidManifest.xml:106:17-77
184-->src/main/AndroidManifest.xml:106:25-74
185            </intent-filter>
186        </receiver>
187        <!--
188        <receiver android:name=".providers.soundcloud.player.player.PlayerReceiver">
189            <intent-filter>
190                <action android:name="android.media.AUDIO_BECOMING_NOISY" />
191            </intent-filter>
192        </receiver>
193        -->
194
195
196        <!-- Meta Data -->
197        <meta-data
197-->src/main/AndroidManifest.xml:122:9-124:39
198            android:name="com.onesignal.NotificationOpened.DEFAULT"
198-->src/main/AndroidManifest.xml:123:13-68
199            android:value="DISABLE" />
199-->src/main/AndroidManifest.xml:124:13-36
200        <meta-data
200-->src/main/AndroidManifest.xml:125:9-127:55
201            android:name="com.google.android.maps.v2.API_KEY"
201-->src/main/AndroidManifest.xml:126:13-62
202            android:value="@string/google_maps_key" />
202-->src/main/AndroidManifest.xml:127:13-52
203        <meta-data
203-->src/main/AndroidManifest.xml:128:9-130:35
204            android:name="com.google.android.gms.ads.AD_MANAGER_APP"
204-->src/main/AndroidManifest.xml:129:13-69
205            android:value="true" />
205-->src/main/AndroidManifest.xml:130:13-33
206        <meta-data
207            android:name="firebase_crashlytics_collection_enabled"
207-->src/main/AndroidManifest.xml:132:13-67
208            android:value="false" />
208-->src/main/AndroidManifest.xml:133:13-50
209
210        <provider
211            android:name="androidx.core.content.FileProvider"
211-->src/main/AndroidManifest.xml:136:13-62
212            android:authorities="com.sherdle.universal.provider"
212-->src/main/AndroidManifest.xml:137:13-60
213            android:exported="false"
213-->src/main/AndroidManifest.xml:138:13-37
214            android:grantUriPermissions="true" >
214-->src/main/AndroidManifest.xml:139:13-47
215            <meta-data
215-->src/main/AndroidManifest.xml:140:13-142:58
216                android:name="android.support.FILE_PROVIDER_PATHS"
216-->src/main/AndroidManifest.xml:141:17-67
217                android:resource="@xml/provider_paths" />
217-->src/main/AndroidManifest.xml:142:17-55
218        </provider>
219        <provider
219-->[com.squareup.picasso:picasso:2.71828] AndroidManifest.xml:8:9-11:40
220            android:name="com.squareup.picasso.PicassoProvider"
220-->[com.squareup.picasso:picasso:2.71828] AndroidManifest.xml:9:13-64
221            android:authorities="com.sherdle.universal.com.squareup.picasso"
221-->[com.squareup.picasso:picasso:2.71828] AndroidManifest.xml:10:13-72
222            android:exported="false" />
222-->[com.squareup.picasso:picasso:2.71828] AndroidManifest.xml:11:13-37
223
224        <receiver
224-->[com.onesignal:OneSignal:4.7.1] AndroidManifest.xml:49:9-60:20
225            android:name="com.onesignal.FCMBroadcastReceiver"
225-->[com.onesignal:OneSignal:4.7.1] AndroidManifest.xml:50:13-62
226            android:exported="true"
226-->[com.onesignal:OneSignal:4.7.1] AndroidManifest.xml:51:13-36
227            android:permission="com.google.android.c2dm.permission.SEND" >
227-->[com.onesignal:OneSignal:4.7.1] AndroidManifest.xml:52:13-73
228
229            <!-- High priority so OneSignal payloads can be filtered from other FCM receivers -->
230            <intent-filter android:priority="999" >
230-->[com.onesignal:OneSignal:4.7.1] AndroidManifest.xml:55:13-59:29
230-->[com.onesignal:OneSignal:4.7.1] AndroidManifest.xml:55:28-50
231                <action android:name="com.google.android.c2dm.intent.RECEIVE" />
231-->[com.onesignal:OneSignal:4.7.1] AndroidManifest.xml:56:17-81
231-->[com.onesignal:OneSignal:4.7.1] AndroidManifest.xml:56:25-78
232
233                <category android:name="com.sherdle.universal" />
233-->[com.onesignal:OneSignal:4.7.1] AndroidManifest.xml:58:17-61
233-->[com.onesignal:OneSignal:4.7.1] AndroidManifest.xml:58:27-58
234            </intent-filter>
235        </receiver>
236
237        <service
237-->[com.onesignal:OneSignal:4.7.1] AndroidManifest.xml:62:9-68:19
238            android:name="com.onesignal.HmsMessageServiceOneSignal"
238-->[com.onesignal:OneSignal:4.7.1] AndroidManifest.xml:63:13-68
239            android:exported="false" >
239-->[com.onesignal:OneSignal:4.7.1] AndroidManifest.xml:64:13-37
240            <intent-filter>
240-->[com.onesignal:OneSignal:4.7.1] AndroidManifest.xml:65:13-67:29
241                <action android:name="com.huawei.push.action.MESSAGING_EVENT" />
241-->[com.onesignal:OneSignal:4.7.1] AndroidManifest.xml:66:17-81
241-->[com.onesignal:OneSignal:4.7.1] AndroidManifest.xml:66:25-78
242            </intent-filter>
243        </service>
244
245        <activity
245-->[com.onesignal:OneSignal:4.7.1] AndroidManifest.xml:70:9-78:20
246            android:name="com.onesignal.NotificationOpenedActivityHMS"
246-->[com.onesignal:OneSignal:4.7.1] AndroidManifest.xml:71:13-71
247            android:exported="true"
247-->[com.onesignal:OneSignal:4.7.1] AndroidManifest.xml:72:13-36
248            android:noHistory="true"
248-->[com.onesignal:OneSignal:4.7.1] AndroidManifest.xml:73:13-37
249            android:theme="@android:style/Theme.Translucent.NoTitleBar" >
249-->[com.onesignal:OneSignal:4.7.1] AndroidManifest.xml:74:13-72
250            <intent-filter>
250-->[com.onesignal:OneSignal:4.7.1] AndroidManifest.xml:75:13-77:29
251                <action android:name="android.intent.action.VIEW" />
251-->src/main/AndroidManifest.xml:158:13-65
251-->src/main/AndroidManifest.xml:158:21-62
252            </intent-filter>
253        </activity>
254
255        <service
255-->[com.onesignal:OneSignal:4.7.1] AndroidManifest.xml:80:9-82:40
256            android:name="com.onesignal.FCMIntentService"
256-->[com.onesignal:OneSignal:4.7.1] AndroidManifest.xml:81:13-58
257            android:exported="false" />
257-->[com.onesignal:OneSignal:4.7.1] AndroidManifest.xml:82:13-37
258        <service
258-->[com.onesignal:OneSignal:4.7.1] AndroidManifest.xml:83:9-86:72
259            android:name="com.onesignal.FCMIntentJobService"
259-->[com.onesignal:OneSignal:4.7.1] AndroidManifest.xml:84:13-61
260            android:exported="false"
260-->[com.onesignal:OneSignal:4.7.1] AndroidManifest.xml:85:13-37
261            android:permission="android.permission.BIND_JOB_SERVICE" />
261-->[com.onesignal:OneSignal:4.7.1] AndroidManifest.xml:86:13-69
262        <service
262-->[com.onesignal:OneSignal:4.7.1] AndroidManifest.xml:87:9-90:43
263            android:name="com.onesignal.SyncService"
263-->[com.onesignal:OneSignal:4.7.1] AndroidManifest.xml:88:13-53
264            android:exported="false"
264-->[com.onesignal:OneSignal:4.7.1] AndroidManifest.xml:89:13-37
265            android:stopWithTask="true" />
265-->[com.onesignal:OneSignal:4.7.1] AndroidManifest.xml:90:13-40
266        <service
266-->[com.onesignal:OneSignal:4.7.1] AndroidManifest.xml:91:9-94:72
267            android:name="com.onesignal.SyncJobService"
267-->[com.onesignal:OneSignal:4.7.1] AndroidManifest.xml:92:13-56
268            android:exported="false"
268-->[com.onesignal:OneSignal:4.7.1] AndroidManifest.xml:93:13-37
269            android:permission="android.permission.BIND_JOB_SERVICE" />
269-->[com.onesignal:OneSignal:4.7.1] AndroidManifest.xml:94:13-69
270
271        <activity
271-->[com.onesignal:OneSignal:4.7.1] AndroidManifest.xml:96:9-99:75
272            android:name="com.onesignal.PermissionsActivity"
272-->[com.onesignal:OneSignal:4.7.1] AndroidManifest.xml:97:13-61
273            android:exported="false"
273-->[com.onesignal:OneSignal:4.7.1] AndroidManifest.xml:98:13-37
274            android:theme="@android:style/Theme.Translucent.NoTitleBar" />
274-->[com.onesignal:OneSignal:4.7.1] AndroidManifest.xml:99:13-72
275
276        <receiver
276-->[com.onesignal:OneSignal:4.7.1] AndroidManifest.xml:101:9-103:39
277            android:name="com.onesignal.NotificationDismissReceiver"
277-->[com.onesignal:OneSignal:4.7.1] AndroidManifest.xml:102:13-69
278            android:exported="true" />
278-->[com.onesignal:OneSignal:4.7.1] AndroidManifest.xml:103:13-36
279        <receiver
279-->[com.onesignal:OneSignal:4.7.1] AndroidManifest.xml:104:9-111:20
280            android:name="com.onesignal.BootUpReceiver"
280-->[com.onesignal:OneSignal:4.7.1] AndroidManifest.xml:105:13-56
281            android:exported="true" >
281-->[com.onesignal:OneSignal:4.7.1] AndroidManifest.xml:106:13-36
282            <intent-filter>
282-->[com.onesignal:OneSignal:4.7.1] AndroidManifest.xml:107:13-110:29
283                <action android:name="android.intent.action.BOOT_COMPLETED" />
283-->[com.onesignal:OneSignal:4.7.1] AndroidManifest.xml:108:17-79
283-->[com.onesignal:OneSignal:4.7.1] AndroidManifest.xml:108:25-76
284                <action android:name="android.intent.action.QUICKBOOT_POWERON" />
284-->[com.onesignal:OneSignal:4.7.1] AndroidManifest.xml:109:17-82
284-->[com.onesignal:OneSignal:4.7.1] AndroidManifest.xml:109:25-79
285            </intent-filter>
286        </receiver>
287        <receiver
287-->[com.onesignal:OneSignal:4.7.1] AndroidManifest.xml:112:9-118:20
288            android:name="com.onesignal.UpgradeReceiver"
288-->[com.onesignal:OneSignal:4.7.1] AndroidManifest.xml:113:13-57
289            android:exported="true" >
289-->[com.onesignal:OneSignal:4.7.1] AndroidManifest.xml:114:13-36
290            <intent-filter>
290-->[com.onesignal:OneSignal:4.7.1] AndroidManifest.xml:115:13-117:29
291                <action android:name="android.intent.action.MY_PACKAGE_REPLACED" />
291-->[com.onesignal:OneSignal:4.7.1] AndroidManifest.xml:116:17-84
291-->[com.onesignal:OneSignal:4.7.1] AndroidManifest.xml:116:25-81
292            </intent-filter>
293        </receiver>
294
295        <activity
295-->[com.onesignal:OneSignal:4.7.1] AndroidManifest.xml:120:9-126:75
296            android:name="com.onesignal.NotificationOpenedReceiver"
296-->[com.onesignal:OneSignal:4.7.1] AndroidManifest.xml:121:13-68
297            android:excludeFromRecents="true"
297-->[com.onesignal:OneSignal:4.7.1] AndroidManifest.xml:122:13-46
298            android:exported="true"
298-->[com.onesignal:OneSignal:4.7.1] AndroidManifest.xml:123:13-36
299            android:noHistory="true"
299-->[com.onesignal:OneSignal:4.7.1] AndroidManifest.xml:124:13-37
300            android:taskAffinity=""
300-->[com.onesignal:OneSignal:4.7.1] AndroidManifest.xml:125:13-36
301            android:theme="@android:style/Theme.Translucent.NoTitleBar" />
301-->[com.onesignal:OneSignal:4.7.1] AndroidManifest.xml:126:13-72
302        <activity
302-->[com.onesignal:OneSignal:4.7.1] AndroidManifest.xml:127:9-132:75
303            android:name="com.onesignal.NotificationOpenedReceiverAndroid22AndOlder"
303-->[com.onesignal:OneSignal:4.7.1] AndroidManifest.xml:128:13-85